<?xml version="1.0" encoding="utf-8"?><testsuites><testsuite name="pytest" errors="0" failures="0" skipped="0" tests="5" time="0.919" timestamp="2023-05-08T21:16:16.593534" hostname="macbook.home"><testcase classname="app.api.tests.test_user" name="test_user_put" time="0.186" /><testcase classname="app.api.tests.test_user" name="test_user_patch" time="0.024" /><testcase classname="app.api.tests.test_user" name="test_user_get" time="0.018" /><testcase classname="app.api.tests.test_user" name="test_users_get" time="0.024" /><testcase classname="app.api.tests.test_user" name="test_user_delete" time="0.049" /></testsuite></testsuites>